<?xml version="1.0" encoding="UTF-8"?>
<robot generator="Rebot 6.0.2 (Python 3.10.6 on win32)" generated="20230331 10:47:04.221" rpa="false" schemaversion="3">
<suite id="s1" name="Suites">
<suite id="s1-s1" name="FifthScript" source="C:\Users\Farasat Aziz\PycharmProjects\RTL\TestCases\FifthScript.robot">
<test id="s1-s1-t1" name="Landing Login Page Test Case" line="19">
<kw name="Open Browser" library="SeleniumLibrary">
<arg>${URL}</arg>
<arg>${Browser}</arg>
<doc>Opens a new browser instance to the optional ``url``.</doc>
<msg timestamp="20230331 10:46:27.099" level="INFO">Opening browser 'chrome' to base url 'https://www.saucedemo.com'.</msg>
<status status="PASS" starttime="20230331 10:46:27.098" endtime="20230331 10:46:31.126"/>
</kw>
<kw name="Capture Page Screenshot" library="SeleniumLibrary">
<doc>Takes a screenshot of the current page and embeds it into a log file.</doc>
<msg timestamp="20230331 10:46:31.278" level="INFO" html="true">&lt;/td&gt;&lt;/tr&gt;&lt;tr&gt;&lt;td colspan="3"&gt;&lt;a href="0-selenium-screenshot-1.png"&gt;&lt;img src="0-selenium-screenshot-1.png" width="800px"&gt;&lt;/a&gt;</msg>
<status status="PASS" starttime="20230331 10:46:31.126" endtime="20230331 10:46:31.278"/>
</kw>
<kw name="Close Browser" library="SeleniumLibrary">
<doc>Closes the current browser.</doc>
<status status="PASS" starttime="20230331 10:46:31.279" endtime="20230331 10:46:33.838"/>
</kw>
<status status="PASS" starttime="20230331 10:46:27.097" endtime="20230331 10:46:33.839"/>
</test>
<test id="s1-s1-t2" name="InCorrect Login Test Case" line="24">
<kw name="Open Browser" library="SeleniumLibrary">
<arg>${URL}</arg>
<arg>${Browser}</arg>
<doc>Opens a new browser instance to the optional ``url``.</doc>
<msg timestamp="20230331 10:46:33.841" level="INFO">Opening browser 'chrome' to base url 'https://www.saucedemo.com'.</msg>
<status status="PASS" starttime="20230331 10:46:33.841" endtime="20230331 10:46:36.323"/>
</kw>
<kw name="Incorrect login attempt" library="LoginPageKeyword">
<kw name="Input Text" library="SeleniumLibrary">
<arg>${Username}</arg>
<arg>${UsernameText}</arg>
<doc>Types the given ``text`` into the text field identified by ``locator``.</doc>
<msg timestamp="20230331 10:46:36.327" level="INFO">Typing text 'Admin' into text field 'id:user-name'.</msg>
<status status="PASS" starttime="20230331 10:46:36.325" endtime="20230331 10:46:36.436"/>
</kw>
<kw name="Input Text" library="SeleniumLibrary">
<arg>${Password}</arg>
<arg>${PasswordText}</arg>
<doc>Types the given ``text`` into the text field identified by ``locator``.</doc>
<msg timestamp="20230331 10:46:36.438" level="INFO">Typing text 'admin123' into text field 'id:password'.</msg>
<status status="PASS" starttime="20230331 10:46:36.437" endtime="20230331 10:46:36.550"/>
</kw>
<kw name="Press Keys" library="SeleniumLibrary">
<arg>${LoginButton}</arg>
<arg>${KeyName}</arg>
<doc>Simulates the user pressing key(s) to an element or on the active browser.</doc>
<msg timestamp="20230331 10:46:36.551" level="INFO">Sending key(s) ('ENTER',) to xpath:(//input[@id='login-button'])[1] element.</msg>
<msg timestamp="20230331 10:46:37.013" level="INFO">Pressing special key ENTER to element.</msg>
<msg timestamp="20230331 10:46:37.013" level="INFO">Releasing special key ENTER.</msg>
<status status="PASS" starttime="20230331 10:46:36.550" endtime="20230331 10:46:37.068"/>
</kw>
<status status="PASS" starttime="20230331 10:46:36.323" endtime="20230331 10:46:37.068"/>
</kw>
<kw name="Element Should Be Visible" library="SeleniumLibrary">
<arg>${error}</arg>
<doc>Verifies that the element identified by ``locator`` is visible.</doc>
<msg timestamp="20230331 10:46:37.115" level="INFO">Element 'css:h3[data-test='error']' is displayed.</msg>
<status status="PASS" starttime="20230331 10:46:37.068" endtime="20230331 10:46:37.115"/>
</kw>
<kw name="Capture Page Screenshot" library="SeleniumLibrary">
<doc>Takes a screenshot of the current page and embeds it into a log file.</doc>
<msg timestamp="20230331 10:46:37.234" level="INFO" html="true">&lt;/td&gt;&lt;/tr&gt;&lt;tr&gt;&lt;td colspan="3"&gt;&lt;a href="0-selenium-screenshot-2.png"&gt;&lt;img src="0-selenium-screenshot-2.png" width="800px"&gt;&lt;/a&gt;</msg>
<status status="PASS" starttime="20230331 10:46:37.116" endtime="20230331 10:46:37.234"/>
</kw>
<kw name="Close Browser" library="SeleniumLibrary">
<doc>Closes the current browser.</doc>
<status status="PASS" starttime="20230331 10:46:37.234" endtime="20230331 10:46:39.720"/>
</kw>
<status status="PASS" starttime="20230331 10:46:33.840" endtime="20230331 10:46:39.720"/>
</test>
<test id="s1-s1-t3" name="Correct login Test case" line="31">
<kw name="Open Browser" library="SeleniumLibrary">
<arg>${URL}</arg>
<arg>${Browser}</arg>
<doc>Opens a new browser instance to the optional ``url``.</doc>
<msg timestamp="20230331 10:46:39.727" level="INFO">Opening browser 'chrome' to base url 'https://www.saucedemo.com'.</msg>
<status status="PASS" starttime="20230331 10:46:39.725" endtime="20230331 10:46:42.278"/>
</kw>
<kw name="Login with user defined creds" library="LoginPageKeyword">
<arg>standard_user</arg>
<arg>secret_sauce</arg>
<kw name="Input Text" library="SeleniumLibrary">
<arg>${Username}</arg>
<arg>${uname}</arg>
<doc>Types the given ``text`` into the text field identified by ``locator``.</doc>
<msg timestamp="20230331 10:46:42.282" level="INFO">Typing text 'standard_user' into text field 'id:user-name'.</msg>
<status status="PASS" starttime="20230331 10:46:42.281" endtime="20230331 10:46:42.522"/>
</kw>
<kw name="Input Text" library="SeleniumLibrary">
<arg>${Password}</arg>
<arg>${pwd}</arg>
<doc>Types the given ``text`` into the text field identified by ``locator``.</doc>
<msg timestamp="20230331 10:46:42.523" level="INFO">Typing text 'secret_sauce' into text field 'id:password'.</msg>
<status status="PASS" starttime="20230331 10:46:42.522" endtime="20230331 10:46:42.646"/>
</kw>
<kw name="Press Keys" library="SeleniumLibrary">
<arg>${LoginButton}</arg>
<arg>${KeyName}</arg>
<doc>Simulates the user pressing key(s) to an element or on the active browser.</doc>
<msg timestamp="20230331 10:46:42.647" level="INFO">Sending key(s) ('ENTER',) to xpath:(//input[@id='login-button'])[1] element.</msg>
<msg timestamp="20230331 10:46:42.988" level="INFO">Pressing special key ENTER to element.</msg>
<msg timestamp="20230331 10:46:42.989" level="INFO">Releasing special key ENTER.</msg>
<status status="PASS" starttime="20230331 10:46:42.647" endtime="20230331 10:46:42.994"/>
</kw>
<status status="PASS" starttime="20230331 10:46:42.280" endtime="20230331 10:46:42.995"/>
</kw>
<kw name="Element Should Contain" library="SeleniumLibrary">
<arg>${appLogo}</arg>
<arg>${Text}</arg>
<doc>Verifies that element ``locator`` contains text ``expected``.</doc>
<msg timestamp="20230331 10:46:43.020" level="INFO">Element 'css:div[class='app_logo']' contains text 'Swag Labs'.</msg>
<status status="PASS" starttime="20230331 10:46:42.995" endtime="20230331 10:46:43.020"/>
</kw>
<kw name="Element Should Be Visible" library="SeleniumLibrary">
<arg>${menuButton}</arg>
<doc>Verifies that the element identified by ``locator`` is visible.</doc>
<msg timestamp="20230331 10:46:43.041" level="INFO">Element 'xpath://button[@id='react-burger-menu-btn']' is displayed.</msg>
<status status="PASS" starttime="20230331 10:46:43.021" endtime="20230331 10:46:43.041"/>
</kw>
<kw name="Capture Page Screenshot" library="SeleniumLibrary">
<doc>Takes a screenshot of the current page and embeds it into a log file.</doc>
<msg timestamp="20230331 10:46:43.170" level="INFO" html="true">&lt;/td&gt;&lt;/tr&gt;&lt;tr&gt;&lt;td colspan="3"&gt;&lt;a href="0-selenium-screenshot-3.png"&gt;&lt;img src="0-selenium-screenshot-3.png" width="800px"&gt;&lt;/a&gt;</msg>
<status status="PASS" starttime="20230331 10:46:43.042" endtime="20230331 10:46:43.170"/>
</kw>
<kw name="Close Browser" library="SeleniumLibrary">
<doc>Closes the current browser.</doc>
<status status="PASS" starttime="20230331 10:46:43.170" endtime="20230331 10:46:45.423"/>
</kw>
<status status="PASS" starttime="20230331 10:46:39.722" endtime="20230331 10:46:45.423"/>
</test>
<status status="PASS" starttime="20230331 10:46:26.754" endtime="20230331 10:46:45.425"/>
</suite>
<suite id="s1-s2" name="FirstScript" source="C:\Users\Farasat Aziz\PycharmProjects\RTL\TestCases\FirstScript.robot">
<test id="s1-s2-t1" name="This is our first testcase" line="7">
<kw name="Open Browser" library="SeleniumLibrary">
<arg>https://www.saucedemo.com</arg>
<arg>chrome</arg>
<doc>Opens a new browser instance to the optional ``url``.</doc>
<msg timestamp="20230331 10:46:26.997" level="INFO">Opening browser 'chrome' to base url 'https://www.saucedemo.com'.</msg>
<status status="PASS" starttime="20230331 10:46:26.996" endtime="20230331 10:46:31.025"/>
</kw>
<kw name="Element Should Contain" library="SeleniumLibrary">
<arg>xpath://div[@class='login_logo']</arg>
<arg>Swag Labs</arg>
<doc>Verifies that element ``locator`` contains text ``expected``.</doc>
<msg timestamp="20230331 10:46:31.081" level="INFO">Element 'xpath://div[@class='login_logo']' contains text 'Swag Labs'.</msg>
<status status="PASS" starttime="20230331 10:46:31.025" endtime="20230331 10:46:31.081"/>
</kw>
<kw name="Close Browser" library="SeleniumLibrary">
<doc>Closes the current browser.</doc>
<status status="PASS" starttime="20230331 10:46:31.082" endtime="20230331 10:46:33.823"/>
</kw>
<status status="PASS" starttime="20230331 10:46:26.996" endtime="20230331 10:46:33.823"/>
</test>
<status status="PASS" starttime="20230331 10:46:26.763" endtime="20230331 10:46:33.824"/>
</suite>
<suite id="s1-s3" name="FourthScript" source="C:\Users\Farasat Aziz\PycharmProjects\RTL\TestCases\FourthScript.robot">
<test id="s1-s3-t1" name="Landing Login Page Test Case" line="15">
<kw name="Open Browser" library="SeleniumLibrary">
<arg>${URL}</arg>
<arg>${Browser}</arg>
<doc>Opens a new browser instance to the optional ``url``.</doc>
<msg timestamp="20230331 10:46:27.139" level="INFO">Opening browser 'chrome' to base url 'https://www.saucedemo.com'.</msg>
<status status="PASS" starttime="20230331 10:46:27.138" endtime="20230331 10:46:31.363"/>
</kw>
<status status="PASS" starttime="20230331 10:46:27.137" endtime="20230331 10:46:31.364"/>
</test>
<test id="s1-s3-t2" name="InCorrect Login Test Case" line="18">
<kw name="Element Should Contain" library="SeleniumLibrary">
<arg>${Header}</arg>
<arg>${Text}</arg>
<doc>Verifies that element ``locator`` contains text ``expected``.</doc>
<msg timestamp="20230331 10:46:31.445" level="INFO">Element 'xpath://div[@class='login_logo']' contains text 'Swag Labs'.</msg>
<status status="PASS" starttime="20230331 10:46:31.367" endtime="20230331 10:46:31.445"/>
</kw>
<kw name="Incorrect login attempt" library="LoginPageKeyword">
<kw name="Input Text" library="SeleniumLibrary">
<arg>${Username}</arg>
<arg>${UsernameText}</arg>
<doc>Types the given ``text`` into the text field identified by ``locator``.</doc>
<msg timestamp="20230331 10:46:31.447" level="INFO">Typing text 'Admin' into text field 'id:user-name'.</msg>
<status status="PASS" starttime="20230331 10:46:31.446" endtime="20230331 10:46:31.619"/>
</kw>
<kw name="Input Text" library="SeleniumLibrary">
<arg>${Password}</arg>
<arg>${PasswordText}</arg>
<doc>Types the given ``text`` into the text field identified by ``locator``.</doc>
<msg timestamp="20230331 10:46:31.621" level="INFO">Typing text 'admin123' into text field 'id:password'.</msg>
<status status="PASS" starttime="20230331 10:46:31.620" endtime="20230331 10:46:31.732"/>
</kw>
<kw name="Press Keys" library="SeleniumLibrary">
<arg>${LoginButton}</arg>
<arg>${KeyName}</arg>
<doc>Simulates the user pressing key(s) to an element or on the active browser.</doc>
<msg timestamp="20230331 10:46:31.735" level="INFO">Sending key(s) ('ENTER',) to xpath:(//input[@id='login-button'])[1] element.</msg>
<msg timestamp="20230331 10:46:32.045" level="INFO">Pressing special key ENTER to element.</msg>
<msg timestamp="20230331 10:46:32.045" level="INFO">Releasing special key ENTER.</msg>
<status status="PASS" starttime="20230331 10:46:31.732" endtime="20230331 10:46:32.050"/>
</kw>
<status status="PASS" starttime="20230331 10:46:31.446" endtime="20230331 10:46:32.050"/>
</kw>
<kw name="Element Should Be Visible" library="SeleniumLibrary">
<arg>${error}</arg>
<doc>Verifies that the element identified by ``locator`` is visible.</doc>
<msg timestamp="20230331 10:46:32.076" level="INFO">Element 'css:h3[data-test='error']' is displayed.</msg>
<status status="PASS" starttime="20230331 10:46:32.050" endtime="20230331 10:46:32.076"/>
</kw>
<status status="PASS" starttime="20230331 10:46:31.364" endtime="20230331 10:46:32.076"/>
</test>
<test id="s1-s3-t3" name="Correct login Test case" line="23">
<kw name="Login with user defined creds" library="LoginPageKeyword">
<arg>standard_user</arg>
<arg>secret_sauce</arg>
<kw name="Input Text" library="SeleniumLibrary">
<arg>${Username}</arg>
<arg>${uname}</arg>
<doc>Types the given ``text`` into the text field identified by ``locator``.</doc>
<msg timestamp="20230331 10:46:32.078" level="INFO">Typing text 'standard_user' into text field 'id:user-name'.</msg>
<status status="PASS" starttime="20230331 10:46:32.077" endtime="20230331 10:46:32.150"/>
</kw>
<kw name="Input Text" library="SeleniumLibrary">
<arg>${Password}</arg>
<arg>${pwd}</arg>
<doc>Types the given ``text`` into the text field identified by ``locator``.</doc>
<msg timestamp="20230331 10:46:32.151" level="INFO">Typing text 'secret_sauce' into text field 'id:password'.</msg>
<status status="PASS" starttime="20230331 10:46:32.150" endtime="20230331 10:46:32.202"/>
</kw>
<kw name="Press Keys" library="SeleniumLibrary">
<arg>${LoginButton}</arg>
<arg>${KeyName}</arg>
<doc>Simulates the user pressing key(s) to an element or on the active browser.</doc>
<msg timestamp="20230331 10:46:32.203" level="INFO">Sending key(s) ('ENTER',) to xpath:(//input[@id='login-button'])[1] element.</msg>
<msg timestamp="20230331 10:46:32.561" level="INFO">Pressing special key ENTER to element.</msg>
<msg timestamp="20230331 10:46:32.561" level="INFO">Releasing special key ENTER.</msg>
<status status="PASS" starttime="20230331 10:46:32.202" endtime="20230331 10:46:32.569"/>
</kw>
<status status="PASS" starttime="20230331 10:46:32.077" endtime="20230331 10:46:32.569"/>
</kw>
<kw name="Element Should Contain" library="SeleniumLibrary">
<arg>${appLogo}</arg>
<arg>${Text}</arg>
<doc>Verifies that element ``locator`` contains text ``expected``.</doc>
<msg timestamp="20230331 10:46:32.598" level="INFO">Element 'xpath:(//div[@class='app_logo'])[1]' contains text 'Swag Labs'.</msg>
<status status="PASS" starttime="20230331 10:46:32.569" endtime="20230331 10:46:32.598"/>
</kw>
<kw name="Element Should Be Visible" library="SeleniumLibrary">
<arg>${menuButton}</arg>
<doc>Verifies that the element identified by ``locator`` is visible.</doc>
<msg timestamp="20230331 10:46:32.624" level="INFO">Element 'xpath://button[@id='react-burger-menu-btn']' is displayed.</msg>
<status status="PASS" starttime="20230331 10:46:32.598" endtime="20230331 10:46:32.624"/>
</kw>
<status status="PASS" starttime="20230331 10:46:32.076" endtime="20230331 10:46:32.625"/>
</test>
<status status="PASS" starttime="20230331 10:46:26.789" endtime="20230331 10:46:32.625"/>
</suite>
<suite id="s1-s4" name="SecondScript" source="C:\Users\Farasat Aziz\PycharmProjects\RTL\TestCases\SecondScript.robot">
<test id="s1-s4-t1" name="Login Test Case" line="19">
<kw name="Open Browser" library="SeleniumLibrary">
<arg>${URL}</arg>
<arg>${Browser}</arg>
<doc>Opens a new browser instance to the optional ``url``.</doc>
<msg timestamp="20230331 10:46:27.027" level="INFO">Opening browser 'chrome' to base url 'https://www.saucedemo.com'.</msg>
<status status="PASS" starttime="20230331 10:46:27.026" endtime="20230331 10:46:31.127"/>
</kw>
<kw name="Element Should Contain" library="SeleniumLibrary">
<arg>${Header}</arg>
<arg>${Text}</arg>
<doc>Verifies that element ``locator`` contains text ``expected``.</doc>
<msg timestamp="20230331 10:46:31.211" level="INFO">Element 'xpath://div[@class='login_logo']' contains text 'Swag Labs'.</msg>
<status status="PASS" starttime="20230331 10:46:31.127" endtime="20230331 10:46:31.213"/>
</kw>
<kw name="Input Text" library="SeleniumLibrary">
<arg>${Username}</arg>
<arg>${UsernameText}</arg>
<doc>Types the given ``text`` into the text field identified by ``locator``.</doc>
<msg timestamp="20230331 10:46:31.215" level="INFO">Typing text 'Admin' into text field 'id:user-name'.</msg>
<status status="PASS" starttime="20230331 10:46:31.213" endtime="20230331 10:46:31.450"/>
</kw>
<kw name="Input Text" library="SeleniumLibrary">
<arg>${Password}</arg>
<arg>${PasswordText}</arg>
<doc>Types the given ``text`` into the text field identified by ``locator``.</doc>
<msg timestamp="20230331 10:46:31.452" level="INFO">Typing text 'admin123' into text field 'id:password'.</msg>
<status status="PASS" starttime="20230331 10:46:31.450" endtime="20230331 10:46:31.602"/>
</kw>
<kw name="Press Keys" library="SeleniumLibrary">
<arg>${LoginButton}</arg>
<arg>${KeyName}</arg>
<doc>Simulates the user pressing key(s) to an element or on the active browser.</doc>
<msg timestamp="20230331 10:46:31.604" level="INFO">Sending key(s) ('ENTER',) to xpath:(//input[@id='login-button'])[1] element.</msg>
<msg timestamp="20230331 10:46:31.914" level="INFO">Pressing special key ENTER to element.</msg>
<msg timestamp="20230331 10:46:31.914" level="INFO">Releasing special key ENTER.</msg>
<status status="PASS" starttime="20230331 10:46:31.603" endtime="20230331 10:46:31.919"/>
</kw>
<status status="PASS" starttime="20230331 10:46:27.025" endtime="20230331 10:46:31.919"/>
</test>
<status status="PASS" starttime="20230331 10:46:26.779" endtime="20230331 10:46:31.920"/>
</suite>
<suite id="s1-s5" name="SeventhScript" source="C:\Users\Farasat Aziz\PycharmProjects\RTL\TestCases\SeventhScript.robot">
<test id="s1-s5-t1" name="Landing Login Page Test Case" line="23">
<kw name="Set Suite Documentation" library="BuiltIn">
<arg>Robot Framework Web FullStack QA Program</arg>
<doc>Sets documentation for the current test suite.</doc>
<msg timestamp="20230331 10:46:27.132" level="INFO">Set suite documentation to:
Robot Framework Web FullStack QA Program</msg>
<status status="PASS" starttime="20230331 10:46:27.131" endtime="20230331 10:46:27.132"/>
</kw>
<kw name="Remove Directory" library="OperatingSystem">
<arg>allure-report</arg>
<doc>Removes the directory pointed to by the given ``path``.</doc>
<msg timestamp="20230331 10:46:27.132" level="INFO" html="true">Directory '&lt;a href="file://C:\Users\Farasat Aziz\PycharmProjects\RTL\allure-report"&gt;C:\Users\Farasat Aziz\PycharmProjects\RTL\allure-report&lt;/a&gt;' does not exist.</msg>
<status status="PASS" starttime="20230331 10:46:27.132" endtime="20230331 10:46:27.132"/>
</kw>
<kw name="Open Browser" library="SeleniumLibrary">
<arg>${URL}</arg>
<arg>${Browser}</arg>
<doc>Opens a new browser instance to the optional ``url``.</doc>
<msg timestamp="20230331 10:46:27.133" level="INFO">Opening browser 'chrome' to base url 'https://www.saucedemo.com'.</msg>
<status status="PASS" starttime="20230331 10:46:27.133" endtime="20230331 10:46:31.237"/>
</kw>
<kw name="Capture Page Screenshot" library="SeleniumLibrary">
<doc>Takes a screenshot of the current page and embeds it into a log file.</doc>
<msg timestamp="20230331 10:46:31.419" level="INFO" html="true">&lt;/td&gt;&lt;/tr&gt;&lt;tr&gt;&lt;td colspan="3"&gt;&lt;a href="4-selenium-screenshot-1.png"&gt;&lt;img src="4-selenium-screenshot-1.png" width="800px"&gt;&lt;/a&gt;</msg>
<status status="PASS" starttime="20230331 10:46:31.237" endtime="20230331 10:46:31.420"/>
</kw>
<kw name="Close Browser" library="SeleniumLibrary">
<doc>Closes the current browser.</doc>
<status status="PASS" starttime="20230331 10:46:31.420" endtime="20230331 10:46:33.917"/>
</kw>
<doc>This test case opens the landing login page</doc>
<tag>regression</tag>
<status status="PASS" starttime="20230331 10:46:27.131" endtime="20230331 10:46:33.918"/>
</test>
<test id="s1-s5-t2" name="InCorrect Login Test Case" line="32">
<kw name="Open Browser" library="SeleniumLibrary">
<arg>${URL}</arg>
<arg>${Browser}</arg>
<doc>Opens a new browser instance to the optional ``url``.</doc>
<msg timestamp="20230331 10:46:33.922" level="INFO">Opening browser 'chrome' to base url 'https://www.saucedemo.com'.</msg>
<status status="PASS" starttime="20230331 10:46:33.920" endtime="20230331 10:46:36.607"/>
</kw>
<kw name="Incorrect login attempt" library="LoginPageKeyword">
<kw name="Input Text" library="SeleniumLibrary">
<arg>${Username}</arg>
<arg>${UsernameText}</arg>
<doc>Types the given ``text`` into the text field identified by ``locator``.</doc>
<msg timestamp="20230331 10:46:36.608" level="INFO">Typing text 'Admin' into text field 'id:user-name'.</msg>
<status status="PASS" starttime="20230331 10:46:36.608" endtime="20230331 10:46:36.722"/>
</kw>
<kw name="Input Text" library="SeleniumLibrary">
<arg>${Password}</arg>
<arg>${PasswordText}</arg>
<doc>Types the given ``text`` into the text field identified by ``locator``.</doc>
<msg timestamp="20230331 10:46:36.724" level="INFO">Typing text 'admin123' into text field 'id:password'.</msg>
<status status="PASS" starttime="20230331 10:46:36.723" endtime="20230331 10:46:36.922"/>
</kw>
<kw name="Press Keys" library="SeleniumLibrary">
<arg>${LoginButton}</arg>
<arg>${KeyName}</arg>
<doc>Simulates the user pressing key(s) to an element or on the active browser.</doc>
<msg timestamp="20230331 10:46:36.923" level="INFO">Sending key(s) ('ENTER',) to xpath:(//input[@id='login-button'])[1] element.</msg>
<msg timestamp="20230331 10:46:37.247" level="INFO">Pressing special key ENTER to element.</msg>
<msg timestamp="20230331 10:46:37.247" level="INFO">Releasing special key ENTER.</msg>
<status status="PASS" starttime="20230331 10:46:36.922" endtime="20230331 10:46:37.258"/>
</kw>
<status status="PASS" starttime="20230331 10:46:36.607" endtime="20230331 10:46:37.258"/>
</kw>
<kw name="Element Should Be Visible" library="SeleniumLibrary">
<arg>${error}</arg>
<doc>Verifies that the element identified by ``locator`` is visible.</doc>
<msg timestamp="20230331 10:46:37.327" level="INFO">Element 'css:h3[data-test='error']' is displayed.</msg>
<status status="PASS" starttime="20230331 10:46:37.258" endtime="20230331 10:46:37.327"/>
</kw>
<kw name="Capture Page Screenshot" library="SeleniumLibrary">
<doc>Takes a screenshot of the current page and embeds it into a log file.</doc>
<msg timestamp="20230331 10:46:37.432" level="INFO" html="true">&lt;/td&gt;&lt;/tr&gt;&lt;tr&gt;&lt;td colspan="3"&gt;&lt;a href="4-selenium-screenshot-2.png"&gt;&lt;img src="4-selenium-screenshot-2.png" width="800px"&gt;&lt;/a&gt;</msg>
<status status="PASS" starttime="20230331 10:46:37.328" endtime="20230331 10:46:37.432"/>
</kw>
<kw name="Close Browser" library="SeleniumLibrary">
<doc>Closes the current browser.</doc>
<status status="PASS" starttime="20230331 10:46:37.432" endtime="20230331 10:46:40.233"/>
</kw>
<doc>This test case verifies that an error message is displayed for an incorrect login attempt</doc>
<tag>regression</tag>
<status status="PASS" starttime="20230331 10:46:33.918" endtime="20230331 10:46:40.233"/>
</test>
<test id="s1-s5-t3" name="Correct login Test case" line="41">
<kw name="Open Browser" library="SeleniumLibrary">
<arg>${URL}</arg>
<arg>${Browser}</arg>
<doc>Opens a new browser instance to the optional ``url``.</doc>
<msg timestamp="20230331 10:46:40.236" level="INFO">Opening browser 'chrome' to base url 'https://www.saucedemo.com'.</msg>
<status status="PASS" starttime="20230331 10:46:40.235" endtime="20230331 10:46:43.093"/>
</kw>
<kw name="Login with user defined creds" library="LoginPageKeyword">
<arg>standard_user</arg>
<arg>secret_sauce</arg>
<kw name="Input Text" library="SeleniumLibrary">
<arg>${Username}</arg>
<arg>${uname}</arg>
<doc>Types the given ``text`` into the text field identified by ``locator``.</doc>
<msg timestamp="20230331 10:46:43.096" level="INFO">Typing text 'standard_user' into text field 'id:user-name'.</msg>
<status status="PASS" starttime="20230331 10:46:43.094" endtime="20230331 10:46:43.190"/>
</kw>
<kw name="Input Text" library="SeleniumLibrary">
<arg>${Password}</arg>
<arg>${pwd}</arg>
<doc>Types the given ``text`` into the text field identified by ``locator``.</doc>
<msg timestamp="20230331 10:46:43.191" level="INFO">Typing text 'secret_sauce' into text field 'id:password'.</msg>
<status status="PASS" starttime="20230331 10:46:43.190" endtime="20230331 10:46:43.339"/>
</kw>
<kw name="Press Keys" library="SeleniumLibrary">
<arg>${LoginButton}</arg>
<arg>${KeyName}</arg>
<doc>Simulates the user pressing key(s) to an element or on the active browser.</doc>
<msg timestamp="20230331 10:46:43.343" level="INFO">Sending key(s) ('ENTER',) to xpath:(//input[@id='login-button'])[1] element.</msg>
<msg timestamp="20230331 10:46:43.696" level="INFO">Pressing special key ENTER to element.</msg>
<msg timestamp="20230331 10:46:43.696" level="INFO">Releasing special key ENTER.</msg>
<status status="PASS" starttime="20230331 10:46:43.340" endtime="20230331 10:46:43.709"/>
</kw>
<status status="PASS" starttime="20230331 10:46:43.094" endtime="20230331 10:46:43.709"/>
</kw>
<kw name="Element Should Contain" library="SeleniumLibrary">
<arg>${appLogo}</arg>
<arg>${Text}</arg>
<doc>Verifies that element ``locator`` contains text ``expected``.</doc>
<msg timestamp="20230331 10:46:43.746" level="INFO">Element 'css:div[class='app_logo']' contains text 'Swag Labs'.</msg>
<status status="PASS" starttime="20230331 10:46:43.709" endtime="20230331 10:46:43.746"/>
</kw>
<kw name="Element Should Be Visible" library="SeleniumLibrary">
<arg>${menuButton}</arg>
<doc>Verifies that the element identified by ``locator`` is visible.</doc>
<msg timestamp="20230331 10:46:43.770" level="INFO">Element 'xpath://button[@id='react-burger-menu-btn']' is displayed.</msg>
<status status="PASS" starttime="20230331 10:46:43.746" endtime="20230331 10:46:43.771"/>
</kw>
<kw name="Capture Page Screenshot" library="SeleniumLibrary">
<doc>Takes a screenshot of the current page and embeds it into a log file.</doc>
<msg timestamp="20230331 10:46:43.903" level="INFO" html="true">&lt;/td&gt;&lt;/tr&gt;&lt;tr&gt;&lt;td colspan="3"&gt;&lt;a href="4-selenium-screenshot-3.png"&gt;&lt;img src="4-selenium-screenshot-3.png" width="800px"&gt;&lt;/a&gt;</msg>
<status status="PASS" starttime="20230331 10:46:43.772" endtime="20230331 10:46:43.903"/>
</kw>
<kw name="Close Browser" library="SeleniumLibrary">
<doc>Closes the current browser.</doc>
<status status="PASS" starttime="20230331 10:46:43.904" endtime="20230331 10:46:46.092"/>
</kw>
<doc>This test case logs in with valid credentials and verifies that the app logo and menu button are visible</doc>
<tag>regression</tag>
<status status="PASS" starttime="20230331 10:46:40.234" endtime="20230331 10:46:46.093"/>
</test>
<doc>Robot Framework Web FullStack QA Program</doc>
<status status="PASS" starttime="20230331 10:46:26.784" endtime="20230331 10:46:46.094"/>
</suite>
<suite id="s1-s6" name="SixScriptWithTags" source="C:\Users\Farasat Aziz\PycharmProjects\RTL\TestCases\SixScriptWithTags.robot">
<test id="s1-s6-t1" name="Landing Login Page Test Case" line="23">
<kw name="Set Suite Documentation" library="BuiltIn">
<arg>Robot Framework Web FullStack QA Program</arg>
<doc>Sets documentation for the current test suite.</doc>
<msg timestamp="20230331 10:46:35.757" level="INFO">Set suite documentation to:
Robot Framework Web FullStack QA Program</msg>
<status status="PASS" starttime="20230331 10:46:35.754" endtime="20230331 10:46:35.757"/>
</kw>
<kw name="Remove Directory" library="OperatingSystem">
<arg>allure-report</arg>
<doc>Removes the directory pointed to by the given ``path``.</doc>
<msg timestamp="20230331 10:46:35.758" level="INFO" html="true">Directory '&lt;a href="file://C:\Users\Farasat Aziz\PycharmProjects\RTL\allure-report"&gt;C:\Users\Farasat Aziz\PycharmProjects\RTL\allure-report&lt;/a&gt;' does not exist.</msg>
<status status="PASS" starttime="20230331 10:46:35.758" endtime="20230331 10:46:35.758"/>
</kw>
<kw name="Open Browser" library="SeleniumLibrary">
<arg>${URL}</arg>
<arg>${Browser}</arg>
<doc>Opens a new browser instance to the optional ``url``.</doc>
<msg timestamp="20230331 10:46:35.760" level="INFO">Opening browser 'chrome' to base url 'https://www.saucedemo.com'.</msg>
<status status="PASS" starttime="20230331 10:46:35.759" endtime="20230331 10:46:38.301"/>
</kw>
<kw name="Capture Page Screenshot" library="SeleniumLibrary">
<doc>Takes a screenshot of the current page and embeds it into a log file.</doc>
<msg timestamp="20230331 10:46:38.417" level="INFO" html="true">&lt;/td&gt;&lt;/tr&gt;&lt;tr&gt;&lt;td colspan="3"&gt;&lt;a href="5-selenium-screenshot-1.png"&gt;&lt;img src="5-selenium-screenshot-1.png" width="800px"&gt;&lt;/a&gt;</msg>
<status status="PASS" starttime="20230331 10:46:38.301" endtime="20230331 10:46:38.417"/>
</kw>
<kw name="Close Browser" library="SeleniumLibrary">
<doc>Closes the current browser.</doc>
<status status="PASS" starttime="20230331 10:46:38.417" endtime="20230331 10:46:40.611"/>
</kw>
<doc>This test case opens the landing login page</doc>
<tag>Regression</tag>
<status status="PASS" starttime="20230331 10:46:35.752" endtime="20230331 10:46:40.611"/>
</test>
<test id="s1-s6-t2" name="InCorrect Login Test Case" line="32">
<kw name="Open Browser" library="SeleniumLibrary">
<arg>${URL}</arg>
<arg>${Browser}</arg>
<doc>Opens a new browser instance to the optional ``url``.</doc>
<msg timestamp="20230331 10:46:40.615" level="INFO">Opening browser 'chrome' to base url 'https://www.saucedemo.com'.</msg>
<status status="PASS" starttime="20230331 10:46:40.614" endtime="20230331 10:46:43.507"/>
</kw>
<kw name="Incorrect login attempt" library="LoginPageKeyword">
<kw name="Input Text" library="SeleniumLibrary">
<arg>${Username}</arg>
<arg>${UsernameText}</arg>
<doc>Types the given ``text`` into the text field identified by ``locator``.</doc>
<msg timestamp="20230331 10:46:43.508" level="INFO">Typing text 'Admin' into text field 'id:user-name'.</msg>
<status status="PASS" starttime="20230331 10:46:43.508" endtime="20230331 10:46:43.585"/>
</kw>
<kw name="Input Text" library="SeleniumLibrary">
<arg>${Password}</arg>
<arg>${PasswordText}</arg>
<doc>Types the given ``text`` into the text field identified by ``locator``.</doc>
<msg timestamp="20230331 10:46:43.586" level="INFO">Typing text 'admin123' into text field 'id:password'.</msg>
<status status="PASS" starttime="20230331 10:46:43.585" endtime="20230331 10:46:43.679"/>
</kw>
<kw name="Press Keys" library="SeleniumLibrary">
<arg>${LoginButton}</arg>
<arg>${KeyName}</arg>
<doc>Simulates the user pressing key(s) to an element or on the active browser.</doc>
<msg timestamp="20230331 10:46:43.681" level="INFO">Sending key(s) ('ENTER',) to xpath:(//input[@id='login-button'])[1] element.</msg>
<msg timestamp="20230331 10:46:43.995" level="INFO">Pressing special key ENTER to element.</msg>
<msg timestamp="20230331 10:46:43.995" level="INFO">Releasing special key ENTER.</msg>
<status status="PASS" starttime="20230331 10:46:43.680" endtime="20230331 10:46:44.000"/>
</kw>
<status status="PASS" starttime="20230331 10:46:43.507" endtime="20230331 10:46:44.000"/>
</kw>
<kw name="Element Should Be Visible" library="SeleniumLibrary">
<arg>${error}</arg>
<doc>Verifies that the element identified by ``locator`` is visible.</doc>
<msg timestamp="20230331 10:46:44.029" level="INFO">Element 'css:h3[data-test='error']' is displayed.</msg>
<status status="PASS" starttime="20230331 10:46:44.000" endtime="20230331 10:46:44.030"/>
</kw>
<kw name="Capture Page Screenshot" library="SeleniumLibrary">
<doc>Takes a screenshot of the current page and embeds it into a log file.</doc>
<msg timestamp="20230331 10:46:44.144" level="INFO" html="true">&lt;/td&gt;&lt;/tr&gt;&lt;tr&gt;&lt;td colspan="3"&gt;&lt;a href="5-selenium-screenshot-2.png"&gt;&lt;img src="5-selenium-screenshot-2.png" width="800px"&gt;&lt;/a&gt;</msg>
<status status="PASS" starttime="20230331 10:46:44.031" endtime="20230331 10:46:44.144"/>
</kw>
<kw name="Close Browser" library="SeleniumLibrary">
<doc>Closes the current browser.</doc>
<status status="PASS" starttime="20230331 10:46:44.144" endtime="20230331 10:46:46.325"/>
</kw>
<doc>This test case verifies that an error message is displayed for an incorrect login attempt</doc>
<tag>Regression</tag>
<status status="PASS" starttime="20230331 10:46:40.612" endtime="20230331 10:46:46.326"/>
</test>
<test id="s1-s6-t3" name="Correct login Test case" line="41">
<kw name="Open Browser" library="SeleniumLibrary">
<arg>${URL}</arg>
<arg>${Browser}</arg>
<doc>Opens a new browser instance to the optional ``url``.</doc>
<msg timestamp="20230331 10:46:46.327" level="INFO">Opening browser 'chrome' to base url 'https://www.saucedemo.com'.</msg>
<status status="PASS" starttime="20230331 10:46:46.327" endtime="20230331 10:46:48.523"/>
</kw>
<kw name="Login with user defined creds" library="LoginPageKeyword">
<arg>standard_user</arg>
<arg>secret_sauce</arg>
<kw name="Input Text" library="SeleniumLibrary">
<arg>${Username}</arg>
<arg>${uname}</arg>
<doc>Types the given ``text`` into the text field identified by ``locator``.</doc>
<msg timestamp="20230331 10:46:48.524" level="INFO">Typing text 'standard_user' into text field 'id:user-name'.</msg>
<status status="PASS" starttime="20230331 10:46:48.523" endtime="20230331 10:46:48.659"/>
</kw>
<kw name="Input Text" library="SeleniumLibrary">
<arg>${Password}</arg>
<arg>${pwd}</arg>
<doc>Types the given ``text`` into the text field identified by ``locator``.</doc>
<msg timestamp="20230331 10:46:48.660" level="INFO">Typing text 'secret_sauce' into text field 'id:password'.</msg>
<status status="PASS" starttime="20230331 10:46:48.659" endtime="20230331 10:46:48.764"/>
</kw>
<kw name="Press Keys" library="SeleniumLibrary">
<arg>${LoginButton}</arg>
<arg>${KeyName}</arg>
<doc>Simulates the user pressing key(s) to an element or on the active browser.</doc>
<msg timestamp="20230331 10:46:48.765" level="INFO">Sending key(s) ('ENTER',) to xpath:(//input[@id='login-button'])[1] element.</msg>
<msg timestamp="20230331 10:46:49.114" level="INFO">Pressing special key ENTER to element.</msg>
<msg timestamp="20230331 10:46:49.114" level="INFO">Releasing special key ENTER.</msg>
<status status="PASS" starttime="20230331 10:46:48.764" endtime="20230331 10:46:49.123"/>
</kw>
<status status="PASS" starttime="20230331 10:46:48.523" endtime="20230331 10:46:49.123"/>
</kw>
<kw name="Element Should Contain" library="SeleniumLibrary">
<arg>${appLogo}</arg>
<arg>${Text}</arg>
<doc>Verifies that element ``locator`` contains text ``expected``.</doc>
<msg timestamp="20230331 10:46:49.147" level="INFO">Element 'css:div[class='app_logo']' contains text 'Swag Labs'.</msg>
<status status="PASS" starttime="20230331 10:46:49.124" endtime="20230331 10:46:49.148"/>
</kw>
<kw name="Element Should Be Visible" library="SeleniumLibrary">
<arg>${menuButton}</arg>
<doc>Verifies that the element identified by ``locator`` is visible.</doc>
<msg timestamp="20230331 10:46:49.175" level="INFO">Element 'xpath://button[@id='react-burger-menu-btn']' is displayed.</msg>
<status status="PASS" starttime="20230331 10:46:49.148" endtime="20230331 10:46:49.176"/>
</kw>
<kw name="Capture Page Screenshot" library="SeleniumLibrary">
<doc>Takes a screenshot of the current page and embeds it into a log file.</doc>
<msg timestamp="20230331 10:46:49.313" level="INFO" html="true">&lt;/td&gt;&lt;/tr&gt;&lt;tr&gt;&lt;td colspan="3"&gt;&lt;a href="5-selenium-screenshot-3.png"&gt;&lt;img src="5-selenium-screenshot-3.png" width="800px"&gt;&lt;/a&gt;</msg>
<status status="PASS" starttime="20230331 10:46:49.176" endtime="20230331 10:46:49.314"/>
</kw>
<kw name="Close Browser" library="SeleniumLibrary">
<doc>Closes the current browser.</doc>
<status status="PASS" starttime="20230331 10:46:49.314" endtime="20230331 10:46:51.539"/>
</kw>
<doc>This test case logs in with valid credentials and verifies that the app logo and menu button are visible</doc>
<tag>Regression</tag>
<status status="PASS" starttime="20230331 10:46:46.326" endtime="20230331 10:46:51.539"/>
</test>
<doc>Robot Framework Web FullStack QA Program</doc>
<status status="PASS" starttime="20230331 10:46:34.796" endtime="20230331 10:46:51.540"/>
</suite>
<suite id="s1-s7" name="ThirdScript" source="C:\Users\Farasat Aziz\PycharmProjects\RTL\TestCases\ThirdScript.robot">
<test id="s1-s7-t1" name="Landing Login Page Test Case" line="28">
<kw name="Open Browser" library="SeleniumLibrary">
<arg>${URL}</arg>
<arg>${Browser}</arg>
<doc>Opens a new browser instance to the optional ``url``.</doc>
<msg timestamp="20230331 10:46:36.404" level="INFO">Opening browser 'chrome' to base url 'https://www.saucedemo.com'.</msg>
<status status="PASS" starttime="20230331 10:46:36.402" endtime="20230331 10:46:39.051"/>
</kw>
<status status="PASS" starttime="20230331 10:46:36.402" endtime="20230331 10:46:39.052"/>
</test>
<test id="s1-s7-t2" name="Login Test Case" line="31">
<kw name="Element Should Contain" library="SeleniumLibrary">
<arg>${Header}</arg>
<arg>${Text}</arg>
<doc>Verifies that element ``locator`` contains text ``expected``.</doc>
<msg timestamp="20230331 10:46:39.092" level="INFO">Element 'xpath://div[@class='login_logo']' contains text 'Swag Labs'.</msg>
<status status="PASS" starttime="20230331 10:46:39.055" endtime="20230331 10:46:39.092"/>
</kw>
<kw name="search for the login button">
<kw name="Input Text" library="SeleniumLibrary">
<arg>${Username}</arg>
<arg>${UsernameText}</arg>
<doc>Types the given ``text`` into the text field identified by ``locator``.</doc>
<msg timestamp="20230331 10:46:39.095" level="INFO">Typing text 'Admin' into text field 'id:user-name'.</msg>
<status status="PASS" starttime="20230331 10:46:39.094" endtime="20230331 10:46:39.200"/>
</kw>
<kw name="Input Text" library="SeleniumLibrary">
<arg>${Password}</arg>
<arg>${PasswordText}</arg>
<doc>Types the given ``text`` into the text field identified by ``locator``.</doc>
<msg timestamp="20230331 10:46:39.202" level="INFO">Typing text 'admin123' into text field 'id:password'.</msg>
<status status="PASS" starttime="20230331 10:46:39.200" endtime="20230331 10:46:39.288"/>
</kw>
<kw name="Press Keys" library="SeleniumLibrary">
<arg>${LoginButton}</arg>
<arg>${KeyName}</arg>
<doc>Simulates the user pressing key(s) to an element or on the active browser.</doc>
<msg timestamp="20230331 10:46:39.289" level="INFO">Sending key(s) ('ENTER',) to xpath:(//input[@id='login-button'])[1] element.</msg>
<msg timestamp="20230331 10:46:39.584" level="INFO">Pressing special key ENTER to element.</msg>
<msg timestamp="20230331 10:46:39.584" level="INFO">Releasing special key ENTER.</msg>
<status status="PASS" starttime="20230331 10:46:39.288" endtime="20230331 10:46:39.593"/>
</kw>
<status status="PASS" starttime="20230331 10:46:39.093" endtime="20230331 10:46:39.594"/>
</kw>
<kw name="Close Browser" library="SeleniumLibrary">
<doc>Closes the current browser.</doc>
<status status="PASS" starttime="20230331 10:46:39.594" endtime="20230331 10:46:41.797"/>
</kw>
<status status="PASS" starttime="20230331 10:46:39.053" endtime="20230331 10:46:41.798"/>
</test>
<status status="PASS" starttime="20230331 10:46:36.157" endtime="20230331 10:46:41.798"/>
</suite>
<doc>[https://pabot.org/?ref=log|Pabot] result from 7 executions.</doc>
<status status="PASS" starttime="20230331 10:46:26.736" endtime="20230331 10:46:51.542"/>
</suite>
<statistics>
<total>
<stat pass="16" fail="0" skip="0">All Tests</stat>
</total>
<tag>
<stat pass="6" fail="0" skip="0">regression</stat>
</tag>
<suite>
<stat pass="16" fail="0" skip="0" id="s1" name="Suites">Suites</stat>
<stat pass="3" fail="0" skip="0" id="s1-s1" name="FifthScript">Suites.FifthScript</stat>
<stat pass="1" fail="0" skip="0" id="s1-s2" name="FirstScript">Suites.FirstScript</stat>
<stat pass="3" fail="0" skip="0" id="s1-s3" name="FourthScript">Suites.FourthScript</stat>
<stat pass="1" fail="0" skip="0" id="s1-s4" name="SecondScript">Suites.SecondScript</stat>
<stat pass="3" fail="0" skip="0" id="s1-s5" name="SeventhScript">Suites.SeventhScript</stat>
<stat pass="3" fail="0" skip="0" id="s1-s6" name="SixScriptWithTags">Suites.SixScriptWithTags</stat>
<stat pass="2" fail="0" skip="0" id="s1-s7" name="ThirdScript">Suites.ThirdScript</stat>
</suite>
</statistics>
<errors>
<msg timestamp="20230331 10:46:26.998" level="ERROR">Error in file 'C:\Users\Farasat Aziz\PycharmProjects\RTL\TestCases\FifthScript.robot' on line 3: Importing library 'AllureReportingLibrary' failed: ModuleNotFoundError: No module named 'AllureReportingLibrary'
Traceback (most recent call last):
  None
PYTHONPATH:
  C:\Users\Farasat Aziz\PycharmProjects\RTL\venv\Scripts\robot.exe
  C:\Users\Farasat Aziz\AppData\Local\Programs\Python\Python310\python310.zip
  C:\Users\Farasat Aziz\AppData\Local\Programs\Python\Python310\DLLs
  C:\Users\Farasat Aziz\AppData\Local\Programs\Python\Python310\lib
  C:\Users\Farasat Aziz\AppData\Local\Programs\Python\Python310
  C:\Users\Farasat Aziz\PycharmProjects\RTL\venv
  C:\Users\Farasat Aziz\PycharmProjects\RTL\venv\lib\site-packages</msg>
<msg timestamp="20230331 10:46:27.001" level="ERROR">Error in file 'C:\Users\Farasat Aziz\PycharmProjects\RTL\TestCases\FifthScript.robot' on line 4: Importing library 'RPA.Browser' failed: ModuleNotFoundError: No module named 'RPA'
Traceback (most recent call last):
  None
PYTHONPATH:
  C:\Users\Farasat Aziz\PycharmProjects\RTL\venv\Scripts\robot.exe
  C:\Users\Farasat Aziz\AppData\Local\Programs\Python\Python310\python310.zip
  C:\Users\Farasat Aziz\AppData\Local\Programs\Python\Python310\DLLs
  C:\Users\Farasat Aziz\AppData\Local\Programs\Python\Python310\lib
  C:\Users\Farasat Aziz\AppData\Local\Programs\Python\Python310
  C:\Users\Farasat Aziz\PycharmProjects\RTL\venv
  C:\Users\Farasat Aziz\PycharmProjects\RTL\venv\lib\site-packages</msg>
<msg timestamp="20230331 10:46:27.095" level="ERROR">Error in file 'C:\Users\Farasat Aziz\PycharmProjects\RTL\Resources\LoginPageKeyword.robot' on line 6: Processing variable file '../Variables/Locators/Locators.JSON' failed: Importing variable file '../Variables/Locators/Locators.JSON' failed: ModuleNotFoundError: No module named '.'
Traceback (most recent call last):
  None
PYTHONPATH:
  C:\Users\Farasat Aziz\PycharmProjects\RTL\venv\Scripts\robot.exe
  C:\Users\Farasat Aziz\AppData\Local\Programs\Python\Python310\python310.zip
  C:\Users\Farasat Aziz\AppData\Local\Programs\Python\Python310\DLLs
  C:\Users\Farasat Aziz\AppData\Local\Programs\Python\Python310\lib
  C:\Users\Farasat Aziz\AppData\Local\Programs\Python\Python310
  C:\Users\Farasat Aziz\PycharmProjects\RTL\venv
  C:\Users\Farasat Aziz\PycharmProjects\RTL\venv\lib\site-packages</msg>
<msg timestamp="20230331 10:46:27.135" level="ERROR">Error in file 'C:\Users\Farasat Aziz\PycharmProjects\RTL\Resources\LoginPageKeyword.robot' on line 6: Processing variable file '../Variables/Locators/Locators.JSON' failed: Importing variable file '../Variables/Locators/Locators.JSON' failed: ModuleNotFoundError: No module named '.'
Traceback (most recent call last):
  None
PYTHONPATH:
  C:\Users\Farasat Aziz\PycharmProjects\RTL\venv\Scripts\robot.exe
  C:\Users\Farasat Aziz\AppData\Local\Programs\Python\Python310\python310.zip
  C:\Users\Farasat Aziz\AppData\Local\Programs\Python\Python310\DLLs
  C:\Users\Farasat Aziz\AppData\Local\Programs\Python\Python310\lib
  C:\Users\Farasat Aziz\AppData\Local\Programs\Python\Python310
  C:\Users\Farasat Aziz\PycharmProjects\RTL\venv
  C:\Users\Farasat Aziz\PycharmProjects\RTL\venv\lib\site-packages</msg>
<msg timestamp="20230331 10:46:27.026" level="ERROR">Error in file 'C:\Users\Farasat Aziz\PycharmProjects\RTL\TestCases\SeventhScript.robot' on line 3: Importing library 'AllureReportingLibrary' failed: ModuleNotFoundError: No module named 'AllureReportingLibrary'
Traceback (most recent call last):
  None
PYTHONPATH:
  C:\Users\Farasat Aziz\PycharmProjects\RTL\venv\Scripts\robot.exe
  C:\Users\Farasat Aziz\AppData\Local\Programs\Python\Python310\python310.zip
  C:\Users\Farasat Aziz\AppData\Local\Programs\Python\Python310\DLLs
  C:\Users\Farasat Aziz\AppData\Local\Programs\Python\Python310\lib
  C:\Users\Farasat Aziz\AppData\Local\Programs\Python\Python310
  C:\Users\Farasat Aziz\PycharmProjects\RTL\venv
  C:\Users\Farasat Aziz\PycharmProjects\RTL\venv\lib\site-packages</msg>
<msg timestamp="20230331 10:46:27.028" level="ERROR">Error in file 'C:\Users\Farasat Aziz\PycharmProjects\RTL\TestCases\SeventhScript.robot' on line 4: Importing library 'RPA.Browser' failed: ModuleNotFoundError: No module named 'RPA'
Traceback (most recent call last):
  None
PYTHONPATH:
  C:\Users\Farasat Aziz\PycharmProjects\RTL\venv\Scripts\robot.exe
  C:\Users\Farasat Aziz\AppData\Local\Programs\Python\Python310\python310.zip
  C:\Users\Farasat Aziz\AppData\Local\Programs\Python\Python310\DLLs
  C:\Users\Farasat Aziz\AppData\Local\Programs\Python\Python310\lib
  C:\Users\Farasat Aziz\AppData\Local\Programs\Python\Python310
  C:\Users\Farasat Aziz\PycharmProjects\RTL\venv
  C:\Users\Farasat Aziz\PycharmProjects\RTL\venv\lib\site-packages</msg>
<msg timestamp="20230331 10:46:27.126" level="ERROR">Error in file 'C:\Users\Farasat Aziz\PycharmProjects\RTL\TestCases\SeventhScript.robot' on line 8: Processing variable file '../Variables/Locators/Locators.JSON' failed: Importing variable file '../Variables/Locators/Locators.JSON' failed: ModuleNotFoundError: No module named '.'
Traceback (most recent call last):
  None
PYTHONPATH:
  C:\Users\Farasat Aziz\PycharmProjects\RTL\venv\Scripts\robot.exe
  C:\Users\Farasat Aziz\AppData\Local\Programs\Python\Python310\python310.zip
  C:\Users\Farasat Aziz\AppData\Local\Programs\Python\Python310\DLLs
  C:\Users\Farasat Aziz\AppData\Local\Programs\Python\Python310\lib
  C:\Users\Farasat Aziz\AppData\Local\Programs\Python\Python310
  C:\Users\Farasat Aziz\PycharmProjects\RTL\venv
  C:\Users\Farasat Aziz\PycharmProjects\RTL\venv\lib\site-packages</msg>
<msg timestamp="20230331 10:46:35.546" level="ERROR">Error in file 'C:\Users\Farasat Aziz\PycharmProjects\RTL\TestCases\SixScriptWithTags.robot' on line 3: Importing library 'AllureReportingLibrary' failed: ModuleNotFoundError: No module named 'AllureReportingLibrary'
Traceback (most recent call last):
  None
PYTHONPATH:
  C:\Users\Farasat Aziz\PycharmProjects\RTL\venv\Scripts\robot.exe
  C:\Users\Farasat Aziz\AppData\Local\Programs\Python\Python310\python310.zip
  C:\Users\Farasat Aziz\AppData\Local\Programs\Python\Python310\DLLs
  C:\Users\Farasat Aziz\AppData\Local\Programs\Python\Python310\lib
  C:\Users\Farasat Aziz\AppData\Local\Programs\Python\Python310
  C:\Users\Farasat Aziz\PycharmProjects\RTL\venv
  C:\Users\Farasat Aziz\PycharmProjects\RTL\venv\lib\site-packages</msg>
<msg timestamp="20230331 10:46:35.550" level="ERROR">Error in file 'C:\Users\Farasat Aziz\PycharmProjects\RTL\TestCases\SixScriptWithTags.robot' on line 4: Importing library 'RPA.Browser' failed: ModuleNotFoundError: No module named 'RPA'
Traceback (most recent call last):
  None
PYTHONPATH:
  C:\Users\Farasat Aziz\PycharmProjects\RTL\venv\Scripts\robot.exe
  C:\Users\Farasat Aziz\AppData\Local\Programs\Python\Python310\python310.zip
  C:\Users\Farasat Aziz\AppData\Local\Programs\Python\Python310\DLLs
  C:\Users\Farasat Aziz\AppData\Local\Programs\Python\Python310\lib
  C:\Users\Farasat Aziz\AppData\Local\Programs\Python\Python310
  C:\Users\Farasat Aziz\PycharmProjects\RTL\venv
  C:\Users\Farasat Aziz\PycharmProjects\RTL\venv\lib\site-packages</msg>
<msg timestamp="20230331 10:46:35.750" level="ERROR">Error in file 'C:\Users\Farasat Aziz\PycharmProjects\RTL\Resources\LoginPageKeyword.robot' on line 6: Processing variable file '../Variables/Locators/Locators.JSON' failed: Importing variable file '../Variables/Locators/Locators.JSON' failed: ModuleNotFoundError: No module named '.'
Traceback (most recent call last):
  None
PYTHONPATH:
  C:\Users\Farasat Aziz\PycharmProjects\RTL\venv\Scripts\robot.exe
  C:\Users\Farasat Aziz\AppData\Local\Programs\Python\Python310\python310.zip
  C:\Users\Farasat Aziz\AppData\Local\Programs\Python\Python310\DLLs
  C:\Users\Farasat Aziz\AppData\Local\Programs\Python\Python310\lib
  C:\Users\Farasat Aziz\AppData\Local\Programs\Python\Python310
  C:\Users\Farasat Aziz\PycharmProjects\RTL\venv
  C:\Users\Farasat Aziz\PycharmProjects\RTL\venv\lib\site-packages</msg>
</errors>
</robot>
