<?xml version="1.0" encoding="UTF-8"?>
<robot generator="Robot 6.0.2 (Python 3.10.6 on win32)" generated="20230331 10:46:26.754" rpa="false" schemaversion="3">
<suite id="s1" name="Suites">
<suite id="s1-s1" name="SeventhScript" source="C:\Users\Farasat Aziz\PycharmProjects\RTL\TestCases\SeventhScript.robot">
<test id="s1-s1-t1" name="Landing Login Page Test Case" line="23">
<kw name="Set Suite Documentation" library="BuiltIn">
<arg>Robot Framework Web FullStack QA Program</arg>
<doc>Sets documentation for the current test suite.</doc>
<msg timestamp="20230331 10:46:27.132" level="INFO">Set suite documentation to:
Robot Framework Web FullStack QA Program</msg>
<status status="PASS" starttime="20230331 10:46:27.131" endtime="20230331 10:46:27.132"/>
</kw>
<kw name="Remove Directory" library="OperatingSystem">
<arg>allure-report</arg>
<doc>Removes the directory pointed to by the given ``path``.</doc>
<msg timestamp="20230331 10:46:27.132" level="INFO" html="true">Directory '&lt;a href="file://C:\Users\Farasat Aziz\PycharmProjects\RTL\allure-report"&gt;C:\Users\Farasat Aziz\PycharmProjects\RTL\allure-report&lt;/a&gt;' does not exist.</msg>
<status status="PASS" starttime="20230331 10:46:27.132" endtime="20230331 10:46:27.132"/>
</kw>
<kw name="Open Browser" library="SeleniumLibrary">
<arg>${URL}</arg>
<arg>${Browser}</arg>
<doc>Opens a new browser instance to the optional ``url``.</doc>
<msg timestamp="20230331 10:46:27.133" level="INFO">Opening browser 'chrome' to base url 'https://www.saucedemo.com'.</msg>
<status status="PASS" starttime="20230331 10:46:27.133" endtime="20230331 10:46:31.237"/>
</kw>
<kw name="Capture Page Screenshot" library="SeleniumLibrary">
<doc>Takes a screenshot of the current page and embeds it into a log file.</doc>
<msg timestamp="20230331 10:46:31.419" level="INFO" html="true">&lt;/td&gt;&lt;/tr&gt;&lt;tr&gt;&lt;td colspan="3"&gt;&lt;a href="selenium-screenshot-1.png"&gt;&lt;img src="selenium-screenshot-1.png" width="800px"&gt;&lt;/a&gt;</msg>
<status status="PASS" starttime="20230331 10:46:31.237" endtime="20230331 10:46:31.420"/>
</kw>
<kw name="Close Browser" library="SeleniumLibrary">
<doc>Closes the current browser.</doc>
<status status="PASS" starttime="20230331 10:46:31.420" endtime="20230331 10:46:33.917"/>
</kw>
<doc>This test case opens the landing login page</doc>
<tag>regression</tag>
<status status="PASS" starttime="20230331 10:46:27.131" endtime="20230331 10:46:33.918"/>
</test>
<test id="s1-s1-t2" name="InCorrect Login Test Case" line="32">
<kw name="Open Browser" library="SeleniumLibrary">
<arg>${URL}</arg>
<arg>${Browser}</arg>
<doc>Opens a new browser instance to the optional ``url``.</doc>
<msg timestamp="20230331 10:46:33.922" level="INFO">Opening browser 'chrome' to base url 'https://www.saucedemo.com'.</msg>
<status status="PASS" starttime="20230331 10:46:33.920" endtime="20230331 10:46:36.607"/>
</kw>
<kw name="Incorrect login attempt" library="LoginPageKeyword">
<kw name="Input Text" library="SeleniumLibrary">
<arg>${Username}</arg>
<arg>${UsernameText}</arg>
<doc>Types the given ``text`` into the text field identified by ``locator``.</doc>
<msg timestamp="20230331 10:46:36.608" level="INFO">Typing text 'Admin' into text field 'id:user-name'.</msg>
<status status="PASS" starttime="20230331 10:46:36.608" endtime="20230331 10:46:36.722"/>
</kw>
<kw name="Input Text" library="SeleniumLibrary">
<arg>${Password}</arg>
<arg>${PasswordText}</arg>
<doc>Types the given ``text`` into the text field identified by ``locator``.</doc>
<msg timestamp="20230331 10:46:36.724" level="INFO">Typing text 'admin123' into text field 'id:password'.</msg>
<status status="PASS" starttime="20230331 10:46:36.723" endtime="20230331 10:46:36.922"/>
</kw>
<kw name="Press Keys" library="SeleniumLibrary">
<arg>${LoginButton}</arg>
<arg>${KeyName}</arg>
<doc>Simulates the user pressing key(s) to an element or on the active browser.</doc>
<msg timestamp="20230331 10:46:36.923" level="INFO">Sending key(s) ('ENTER',) to xpath:(//input[@id='login-button'])[1] element.</msg>
<msg timestamp="20230331 10:46:37.247" level="INFO">Pressing special key ENTER to element.</msg>
<msg timestamp="20230331 10:46:37.247" level="INFO">Releasing special key ENTER.</msg>
<status status="PASS" starttime="20230331 10:46:36.922" endtime="20230331 10:46:37.258"/>
</kw>
<status status="PASS" starttime="20230331 10:46:36.607" endtime="20230331 10:46:37.258"/>
</kw>
<kw name="Element Should Be Visible" library="SeleniumLibrary">
<arg>${error}</arg>
<doc>Verifies that the element identified by ``locator`` is visible.</doc>
<msg timestamp="20230331 10:46:37.327" level="INFO">Element 'css:h3[data-test='error']' is displayed.</msg>
<status status="PASS" starttime="20230331 10:46:37.258" endtime="20230331 10:46:37.327"/>
</kw>
<kw name="Capture Page Screenshot" library="SeleniumLibrary">
<doc>Takes a screenshot of the current page and embeds it into a log file.</doc>
<msg timestamp="20230331 10:46:37.432" level="INFO" html="true">&lt;/td&gt;&lt;/tr&gt;&lt;tr&gt;&lt;td colspan="3"&gt;&lt;a href="selenium-screenshot-2.png"&gt;&lt;img src="selenium-screenshot-2.png" width="800px"&gt;&lt;/a&gt;</msg>
<status status="PASS" starttime="20230331 10:46:37.328" endtime="20230331 10:46:37.432"/>
</kw>
<kw name="Close Browser" library="SeleniumLibrary">
<doc>Closes the current browser.</doc>
<status status="PASS" starttime="20230331 10:46:37.432" endtime="20230331 10:46:40.233"/>
</kw>
<doc>This test case verifies that an error message is displayed for an incorrect login attempt</doc>
<tag>regression</tag>
<status status="PASS" starttime="20230331 10:46:33.918" endtime="20230331 10:46:40.233"/>
</test>
<test id="s1-s1-t3" name="Correct login Test case" line="41">
<kw name="Open Browser" library="SeleniumLibrary">
<arg>${URL}</arg>
<arg>${Browser}</arg>
<doc>Opens a new browser instance to the optional ``url``.</doc>
<msg timestamp="20230331 10:46:40.236" level="INFO">Opening browser 'chrome' to base url 'https://www.saucedemo.com'.</msg>
<status status="PASS" starttime="20230331 10:46:40.235" endtime="20230331 10:46:43.093"/>
</kw>
<kw name="Login with user defined creds" library="LoginPageKeyword">
<arg>standard_user</arg>
<arg>secret_sauce</arg>
<kw name="Input Text" library="SeleniumLibrary">
<arg>${Username}</arg>
<arg>${uname}</arg>
<doc>Types the given ``text`` into the text field identified by ``locator``.</doc>
<msg timestamp="20230331 10:46:43.096" level="INFO">Typing text 'standard_user' into text field 'id:user-name'.</msg>
<status status="PASS" starttime="20230331 10:46:43.094" endtime="20230331 10:46:43.190"/>
</kw>
<kw name="Input Text" library="SeleniumLibrary">
<arg>${Password}</arg>
<arg>${pwd}</arg>
<doc>Types the given ``text`` into the text field identified by ``locator``.</doc>
<msg timestamp="20230331 10:46:43.191" level="INFO">Typing text 'secret_sauce' into text field 'id:password'.</msg>
<status status="PASS" starttime="20230331 10:46:43.190" endtime="20230331 10:46:43.339"/>
</kw>
<kw name="Press Keys" library="SeleniumLibrary">
<arg>${LoginButton}</arg>
<arg>${KeyName}</arg>
<doc>Simulates the user pressing key(s) to an element or on the active browser.</doc>
<msg timestamp="20230331 10:46:43.343" level="INFO">Sending key(s) ('ENTER',) to xpath:(//input[@id='login-button'])[1] element.</msg>
<msg timestamp="20230331 10:46:43.696" level="INFO">Pressing special key ENTER to element.</msg>
<msg timestamp="20230331 10:46:43.696" level="INFO">Releasing special key ENTER.</msg>
<status status="PASS" starttime="20230331 10:46:43.340" endtime="20230331 10:46:43.709"/>
</kw>
<status status="PASS" starttime="20230331 10:46:43.094" endtime="20230331 10:46:43.709"/>
</kw>
<kw name="Element Should Contain" library="SeleniumLibrary">
<arg>${appLogo}</arg>
<arg>${Text}</arg>
<doc>Verifies that element ``locator`` contains text ``expected``.</doc>
<msg timestamp="20230331 10:46:43.746" level="INFO">Element 'css:div[class='app_logo']' contains text 'Swag Labs'.</msg>
<status status="PASS" starttime="20230331 10:46:43.709" endtime="20230331 10:46:43.746"/>
</kw>
<kw name="Element Should Be Visible" library="SeleniumLibrary">
<arg>${menuButton}</arg>
<doc>Verifies that the element identified by ``locator`` is visible.</doc>
<msg timestamp="20230331 10:46:43.770" level="INFO">Element 'xpath://button[@id='react-burger-menu-btn']' is displayed.</msg>
<status status="PASS" starttime="20230331 10:46:43.746" endtime="20230331 10:46:43.771"/>
</kw>
<kw name="Capture Page Screenshot" library="SeleniumLibrary">
<doc>Takes a screenshot of the current page and embeds it into a log file.</doc>
<msg timestamp="20230331 10:46:43.903" level="INFO" html="true">&lt;/td&gt;&lt;/tr&gt;&lt;tr&gt;&lt;td colspan="3"&gt;&lt;a href="selenium-screenshot-3.png"&gt;&lt;img src="selenium-screenshot-3.png" width="800px"&gt;&lt;/a&gt;</msg>
<status status="PASS" starttime="20230331 10:46:43.772" endtime="20230331 10:46:43.903"/>
</kw>
<kw name="Close Browser" library="SeleniumLibrary">
<doc>Closes the current browser.</doc>
<status status="PASS" starttime="20230331 10:46:43.904" endtime="20230331 10:46:46.092"/>
</kw>
<doc>This test case logs in with valid credentials and verifies that the app logo and menu button are visible</doc>
<tag>regression</tag>
<status status="PASS" starttime="20230331 10:46:40.234" endtime="20230331 10:46:46.093"/>
</test>
<doc>Robot Framework Web FullStack QA Program</doc>
<status status="PASS" starttime="20230331 10:46:26.784" endtime="20230331 10:46:46.094"/>
</suite>
<status status="PASS" starttime="20230331 10:46:26.765" endtime="20230331 10:46:46.095"/>
</suite>
<statistics>
<total>
<stat pass="3" fail="0" skip="0">All Tests</stat>
</total>
<tag>
<stat pass="3" fail="0" skip="0">regression</stat>
</tag>
<suite>
<stat pass="3" fail="0" skip="0" id="s1" name="Suites">Suites</stat>
<stat pass="3" fail="0" skip="0" id="s1-s1" name="SeventhScript">Suites.SeventhScript</stat>
</suite>
</statistics>
<errors>
<msg timestamp="20230331 10:46:27.026" level="ERROR">Error in file 'C:\Users\Farasat Aziz\PycharmProjects\RTL\TestCases\SeventhScript.robot' on line 3: Importing library 'AllureReportingLibrary' failed: ModuleNotFoundError: No module named 'AllureReportingLibrary'
Traceback (most recent call last):
  None
PYTHONPATH:
  C:\Users\Farasat Aziz\PycharmProjects\RTL\venv\Scripts\robot.exe
  C:\Users\Farasat Aziz\AppData\Local\Programs\Python\Python310\python310.zip
  C:\Users\Farasat Aziz\AppData\Local\Programs\Python\Python310\DLLs
  C:\Users\Farasat Aziz\AppData\Local\Programs\Python\Python310\lib
  C:\Users\Farasat Aziz\AppData\Local\Programs\Python\Python310
  C:\Users\Farasat Aziz\PycharmProjects\RTL\venv
  C:\Users\Farasat Aziz\PycharmProjects\RTL\venv\lib\site-packages</msg>
<msg timestamp="20230331 10:46:27.028" level="ERROR">Error in file 'C:\Users\Farasat Aziz\PycharmProjects\RTL\TestCases\SeventhScript.robot' on line 4: Importing library 'RPA.Browser' failed: ModuleNotFoundError: No module named 'RPA'
Traceback (most recent call last):
  None
PYTHONPATH:
  C:\Users\Farasat Aziz\PycharmProjects\RTL\venv\Scripts\robot.exe
  C:\Users\Farasat Aziz\AppData\Local\Programs\Python\Python310\python310.zip
  C:\Users\Farasat Aziz\AppData\Local\Programs\Python\Python310\DLLs
  C:\Users\Farasat Aziz\AppData\Local\Programs\Python\Python310\lib
  C:\Users\Farasat Aziz\AppData\Local\Programs\Python\Python310
  C:\Users\Farasat Aziz\PycharmProjects\RTL\venv
  C:\Users\Farasat Aziz\PycharmProjects\RTL\venv\lib\site-packages</msg>
<msg timestamp="20230331 10:46:27.126" level="ERROR">Error in file 'C:\Users\Farasat Aziz\PycharmProjects\RTL\TestCases\SeventhScript.robot' on line 8: Processing variable file '../Variables/Locators/Locators.JSON' failed: Importing variable file '../Variables/Locators/Locators.JSON' failed: ModuleNotFoundError: No module named '.'
Traceback (most recent call last):
  None
PYTHONPATH:
  C:\Users\Farasat Aziz\PycharmProjects\RTL\venv\Scripts\robot.exe
  C:\Users\Farasat Aziz\AppData\Local\Programs\Python\Python310\python310.zip
  C:\Users\Farasat Aziz\AppData\Local\Programs\Python\Python310\DLLs
  C:\Users\Farasat Aziz\AppData\Local\Programs\Python\Python310\lib
  C:\Users\Farasat Aziz\AppData\Local\Programs\Python\Python310
  C:\Users\Farasat Aziz\PycharmProjects\RTL\venv
  C:\Users\Farasat Aziz\PycharmProjects\RTL\venv\lib\site-packages</msg>
</errors>
</robot>
