<?xml version="1.0" encoding="UTF-8"?>
<robot generator="Robot 6.0.2 (Python 3.10.6 on win32)" generated="20230331 10:46:34.744" rpa="false" schemaversion="3">
<suite id="s1" name="Suites">
<suite id="s1-s1" name="SixScriptWithTags" source="C:\Users\Farasat Aziz\PycharmProjects\RTL\TestCases\SixScriptWithTags.robot">
<test id="s1-s1-t1" name="Landing Login Page Test Case" line="23">
<kw name="Set Suite Documentation" library="BuiltIn">
<arg>Robot Framework Web FullStack QA Program</arg>
<doc>Sets documentation for the current test suite.</doc>
<msg timestamp="20230331 10:46:35.757" level="INFO">Set suite documentation to:
Robot Framework Web FullStack QA Program</msg>
<status status="PASS" starttime="20230331 10:46:35.754" endtime="20230331 10:46:35.757"/>
</kw>
<kw name="Remove Directory" library="OperatingSystem">
<arg>allure-report</arg>
<doc>Removes the directory pointed to by the given ``path``.</doc>
<msg timestamp="20230331 10:46:35.758" level="INFO" html="true">Directory '&lt;a href="file://C:\Users\Farasat Aziz\PycharmProjects\RTL\allure-report"&gt;C:\Users\Farasat Aziz\PycharmProjects\RTL\allure-report&lt;/a&gt;' does not exist.</msg>
<status status="PASS" starttime="20230331 10:46:35.758" endtime="20230331 10:46:35.758"/>
</kw>
<kw name="Open Browser" library="SeleniumLibrary">
<arg>${URL}</arg>
<arg>${Browser}</arg>
<doc>Opens a new browser instance to the optional ``url``.</doc>
<msg timestamp="20230331 10:46:35.760" level="INFO">Opening browser 'chrome' to base url 'https://www.saucedemo.com'.</msg>
<status status="PASS" starttime="20230331 10:46:35.759" endtime="20230331 10:46:38.301"/>
</kw>
<kw name="Capture Page Screenshot" library="SeleniumLibrary">
<doc>Takes a screenshot of the current page and embeds it into a log file.</doc>
<msg timestamp="20230331 10:46:38.417" level="INFO" html="true">&lt;/td&gt;&lt;/tr&gt;&lt;tr&gt;&lt;td colspan="3"&gt;&lt;a href="selenium-screenshot-1.png"&gt;&lt;img src="selenium-screenshot-1.png" width="800px"&gt;&lt;/a&gt;</msg>
<status status="PASS" starttime="20230331 10:46:38.301" endtime="20230331 10:46:38.417"/>
</kw>
<kw name="Close Browser" library="SeleniumLibrary">
<doc>Closes the current browser.</doc>
<status status="PASS" starttime="20230331 10:46:38.417" endtime="20230331 10:46:40.611"/>
</kw>
<doc>This test case opens the landing login page</doc>
<tag>Regression</tag>
<status status="PASS" starttime="20230331 10:46:35.752" endtime="20230331 10:46:40.611"/>
</test>
<test id="s1-s1-t2" name="InCorrect Login Test Case" line="32">
<kw name="Open Browser" library="SeleniumLibrary">
<arg>${URL}</arg>
<arg>${Browser}</arg>
<doc>Opens a new browser instance to the optional ``url``.</doc>
<msg timestamp="20230331 10:46:40.615" level="INFO">Opening browser 'chrome' to base url 'https://www.saucedemo.com'.</msg>
<status status="PASS" starttime="20230331 10:46:40.614" endtime="20230331 10:46:43.507"/>
</kw>
<kw name="Incorrect login attempt" library="LoginPageKeyword">
<kw name="Input Text" library="SeleniumLibrary">
<arg>${Username}</arg>
<arg>${UsernameText}</arg>
<doc>Types the given ``text`` into the text field identified by ``locator``.</doc>
<msg timestamp="20230331 10:46:43.508" level="INFO">Typing text 'Admin' into text field 'id:user-name'.</msg>
<status status="PASS" starttime="20230331 10:46:43.508" endtime="20230331 10:46:43.585"/>
</kw>
<kw name="Input Text" library="SeleniumLibrary">
<arg>${Password}</arg>
<arg>${PasswordText}</arg>
<doc>Types the given ``text`` into the text field identified by ``locator``.</doc>
<msg timestamp="20230331 10:46:43.586" level="INFO">Typing text 'admin123' into text field 'id:password'.</msg>
<status status="PASS" starttime="20230331 10:46:43.585" endtime="20230331 10:46:43.679"/>
</kw>
<kw name="Press Keys" library="SeleniumLibrary">
<arg>${LoginButton}</arg>
<arg>${KeyName}</arg>
<doc>Simulates the user pressing key(s) to an element or on the active browser.</doc>
<msg timestamp="20230331 10:46:43.681" level="INFO">Sending key(s) ('ENTER',) to xpath:(//input[@id='login-button'])[1] element.</msg>
<msg timestamp="20230331 10:46:43.995" level="INFO">Pressing special key ENTER to element.</msg>
<msg timestamp="20230331 10:46:43.995" level="INFO">Releasing special key ENTER.</msg>
<status status="PASS" starttime="20230331 10:46:43.680" endtime="20230331 10:46:44.000"/>
</kw>
<status status="PASS" starttime="20230331 10:46:43.507" endtime="20230331 10:46:44.000"/>
</kw>
<kw name="Element Should Be Visible" library="SeleniumLibrary">
<arg>${error}</arg>
<doc>Verifies that the element identified by ``locator`` is visible.</doc>
<msg timestamp="20230331 10:46:44.029" level="INFO">Element 'css:h3[data-test='error']' is displayed.</msg>
<status status="PASS" starttime="20230331 10:46:44.000" endtime="20230331 10:46:44.030"/>
</kw>
<kw name="Capture Page Screenshot" library="SeleniumLibrary">
<doc>Takes a screenshot of the current page and embeds it into a log file.</doc>
<msg timestamp="20230331 10:46:44.144" level="INFO" html="true">&lt;/td&gt;&lt;/tr&gt;&lt;tr&gt;&lt;td colspan="3"&gt;&lt;a href="selenium-screenshot-2.png"&gt;&lt;img src="selenium-screenshot-2.png" width="800px"&gt;&lt;/a&gt;</msg>
<status status="PASS" starttime="20230331 10:46:44.031" endtime="20230331 10:46:44.144"/>
</kw>
<kw name="Close Browser" library="SeleniumLibrary">
<doc>Closes the current browser.</doc>
<status status="PASS" starttime="20230331 10:46:44.144" endtime="20230331 10:46:46.325"/>
</kw>
<doc>This test case verifies that an error message is displayed for an incorrect login attempt</doc>
<tag>Regression</tag>
<status status="PASS" starttime="20230331 10:46:40.612" endtime="20230331 10:46:46.326"/>
</test>
<test id="s1-s1-t3" name="Correct login Test case" line="41">
<kw name="Open Browser" library="SeleniumLibrary">
<arg>${URL}</arg>
<arg>${Browser}</arg>
<doc>Opens a new browser instance to the optional ``url``.</doc>
<msg timestamp="20230331 10:46:46.327" level="INFO">Opening browser 'chrome' to base url 'https://www.saucedemo.com'.</msg>
<status status="PASS" starttime="20230331 10:46:46.327" endtime="20230331 10:46:48.523"/>
</kw>
<kw name="Login with user defined creds" library="LoginPageKeyword">
<arg>standard_user</arg>
<arg>secret_sauce</arg>
<kw name="Input Text" library="SeleniumLibrary">
<arg>${Username}</arg>
<arg>${uname}</arg>
<doc>Types the given ``text`` into the text field identified by ``locator``.</doc>
<msg timestamp="20230331 10:46:48.524" level="INFO">Typing text 'standard_user' into text field 'id:user-name'.</msg>
<status status="PASS" starttime="20230331 10:46:48.523" endtime="20230331 10:46:48.659"/>
</kw>
<kw name="Input Text" library="SeleniumLibrary">
<arg>${Password}</arg>
<arg>${pwd}</arg>
<doc>Types the given ``text`` into the text field identified by ``locator``.</doc>
<msg timestamp="20230331 10:46:48.660" level="INFO">Typing text 'secret_sauce' into text field 'id:password'.</msg>
<status status="PASS" starttime="20230331 10:46:48.659" endtime="20230331 10:46:48.764"/>
</kw>
<kw name="Press Keys" library="SeleniumLibrary">
<arg>${LoginButton}</arg>
<arg>${KeyName}</arg>
<doc>Simulates the user pressing key(s) to an element or on the active browser.</doc>
<msg timestamp="20230331 10:46:48.765" level="INFO">Sending key(s) ('ENTER',) to xpath:(//input[@id='login-button'])[1] element.</msg>
<msg timestamp="20230331 10:46:49.114" level="INFO">Pressing special key ENTER to element.</msg>
<msg timestamp="20230331 10:46:49.114" level="INFO">Releasing special key ENTER.</msg>
<status status="PASS" starttime="20230331 10:46:48.764" endtime="20230331 10:46:49.123"/>
</kw>
<status status="PASS" starttime="20230331 10:46:48.523" endtime="20230331 10:46:49.123"/>
</kw>
<kw name="Element Should Contain" library="SeleniumLibrary">
<arg>${appLogo}</arg>
<arg>${Text}</arg>
<doc>Verifies that element ``locator`` contains text ``expected``.</doc>
<msg timestamp="20230331 10:46:49.147" level="INFO">Element 'css:div[class='app_logo']' contains text 'Swag Labs'.</msg>
<status status="PASS" starttime="20230331 10:46:49.124" endtime="20230331 10:46:49.148"/>
</kw>
<kw name="Element Should Be Visible" library="SeleniumLibrary">
<arg>${menuButton}</arg>
<doc>Verifies that the element identified by ``locator`` is visible.</doc>
<msg timestamp="20230331 10:46:49.175" level="INFO">Element 'xpath://button[@id='react-burger-menu-btn']' is displayed.</msg>
<status status="PASS" starttime="20230331 10:46:49.148" endtime="20230331 10:46:49.176"/>
</kw>
<kw name="Capture Page Screenshot" library="SeleniumLibrary">
<doc>Takes a screenshot of the current page and embeds it into a log file.</doc>
<msg timestamp="20230331 10:46:49.313" level="INFO" html="true">&lt;/td&gt;&lt;/tr&gt;&lt;tr&gt;&lt;td colspan="3"&gt;&lt;a href="selenium-screenshot-3.png"&gt;&lt;img src="selenium-screenshot-3.png" width="800px"&gt;&lt;/a&gt;</msg>
<status status="PASS" starttime="20230331 10:46:49.176" endtime="20230331 10:46:49.314"/>
</kw>
<kw name="Close Browser" library="SeleniumLibrary">
<doc>Closes the current browser.</doc>
<status status="PASS" starttime="20230331 10:46:49.314" endtime="20230331 10:46:51.539"/>
</kw>
<doc>This test case logs in with valid credentials and verifies that the app logo and menu button are visible</doc>
<tag>Regression</tag>
<status status="PASS" starttime="20230331 10:46:46.326" endtime="20230331 10:46:51.539"/>
</test>
<doc>Robot Framework Web FullStack QA Program</doc>
<status status="PASS" starttime="20230331 10:46:34.796" endtime="20230331 10:46:51.540"/>
</suite>
<status status="PASS" starttime="20230331 10:46:34.765" endtime="20230331 10:46:51.542"/>
</suite>
<statistics>
<total>
<stat pass="3" fail="0" skip="0">All Tests</stat>
</total>
<tag>
<stat pass="3" fail="0" skip="0">Regression</stat>
</tag>
<suite>
<stat pass="3" fail="0" skip="0" id="s1" name="Suites">Suites</stat>
<stat pass="3" fail="0" skip="0" id="s1-s1" name="SixScriptWithTags">Suites.SixScriptWithTags</stat>
</suite>
</statistics>
<errors>
<msg timestamp="20230331 10:46:35.546" level="ERROR">Error in file 'C:\Users\Farasat Aziz\PycharmProjects\RTL\TestCases\SixScriptWithTags.robot' on line 3: Importing library 'AllureReportingLibrary' failed: ModuleNotFoundError: No module named 'AllureReportingLibrary'
Traceback (most recent call last):
  None
PYTHONPATH:
  C:\Users\Farasat Aziz\PycharmProjects\RTL\venv\Scripts\robot.exe
  C:\Users\Farasat Aziz\AppData\Local\Programs\Python\Python310\python310.zip
  C:\Users\Farasat Aziz\AppData\Local\Programs\Python\Python310\DLLs
  C:\Users\Farasat Aziz\AppData\Local\Programs\Python\Python310\lib
  C:\Users\Farasat Aziz\AppData\Local\Programs\Python\Python310
  C:\Users\Farasat Aziz\PycharmProjects\RTL\venv
  C:\Users\Farasat Aziz\PycharmProjects\RTL\venv\lib\site-packages</msg>
<msg timestamp="20230331 10:46:35.550" level="ERROR">Error in file 'C:\Users\Farasat Aziz\PycharmProjects\RTL\TestCases\SixScriptWithTags.robot' on line 4: Importing library 'RPA.Browser' failed: ModuleNotFoundError: No module named 'RPA'
Traceback (most recent call last):
  None
PYTHONPATH:
  C:\Users\Farasat Aziz\PycharmProjects\RTL\venv\Scripts\robot.exe
  C:\Users\Farasat Aziz\AppData\Local\Programs\Python\Python310\python310.zip
  C:\Users\Farasat Aziz\AppData\Local\Programs\Python\Python310\DLLs
  C:\Users\Farasat Aziz\AppData\Local\Programs\Python\Python310\lib
  C:\Users\Farasat Aziz\AppData\Local\Programs\Python\Python310
  C:\Users\Farasat Aziz\PycharmProjects\RTL\venv
  C:\Users\Farasat Aziz\PycharmProjects\RTL\venv\lib\site-packages</msg>
<msg timestamp="20230331 10:46:35.750" level="ERROR">Error in file 'C:\Users\Farasat Aziz\PycharmProjects\RTL\Resources\LoginPageKeyword.robot' on line 6: Processing variable file '../Variables/Locators/Locators.JSON' failed: Importing variable file '../Variables/Locators/Locators.JSON' failed: ModuleNotFoundError: No module named '.'
Traceback (most recent call last):
  None
PYTHONPATH:
  C:\Users\Farasat Aziz\PycharmProjects\RTL\venv\Scripts\robot.exe
  C:\Users\Farasat Aziz\AppData\Local\Programs\Python\Python310\python310.zip
  C:\Users\Farasat Aziz\AppData\Local\Programs\Python\Python310\DLLs
  C:\Users\Farasat Aziz\AppData\Local\Programs\Python\Python310\lib
  C:\Users\Farasat Aziz\AppData\Local\Programs\Python\Python310
  C:\Users\Farasat Aziz\PycharmProjects\RTL\venv
  C:\Users\Farasat Aziz\PycharmProjects\RTL\venv\lib\site-packages</msg>
</errors>
</robot>
